2025-07-05T14:15:45.023+05:30  INFO 82683 --- [demo] [main] com.techiesbytes.Application             : Starting Application using Java 21.0.7 with PID 82683 (/home/jain1shh/Documents/learn_springboot/target/classes started by jain1shh in /home/jain1shh/Documents/learn_springboot)
2025-07-05T14:15:45.032+05:30  INFO 82683 --- [demo] [main] com.techiesbytes.Application             : No active profile set, falling back to 1 default profile: "default"
2025-07-05T14:15:46.522+05:30  INFO 82683 --- [demo] [main] .s.d.r.c.RepositoryConfigurationDelegate : Bootstrapping Spring Data JPA repositories in DEFAULT mode.
2025-07-05T14:15:46.595+05:30  INFO 82683 --- [demo] [main] .s.d.r.c.RepositoryConfigurationDelegate : Finished Spring Data repository scanning in 58 ms. Found 1 JPA repository interface.
2025-07-05T14:15:47.528+05:30  INFO 82683 --- [demo] [main] o.s.b.w.embedded.tomcat.TomcatWebServer  : Tomcat initialized with port 8080 (http)
2025-07-05T14:15:47.567+05:30  INFO 82683 --- [demo] [main] o.apache.catalina.core.StandardService   : Starting service [Tomcat]
2025-07-05T14:15:47.568+05:30  INFO 82683 --- [demo] [main] o.apache.catalina.core.StandardEngine    : Starting Servlet engine: [Apache Tomcat/10.1.42]
2025-07-05T14:15:47.627+05:30  INFO 82683 --- [demo] [main] o.a.c.c.C.[Tomcat].[localhost].[/]       : Initializing Spring embedded WebApplicationContext
2025-07-05T14:15:47.628+05:30  INFO 82683 --- [demo] [main] w.s.c.ServletWebServerApplicationContext : Root WebApplicationContext: initialization completed in 2504 ms
2025-07-05T14:15:48.138+05:30  INFO 82683 --- [demo] [main] o.hibernate.jpa.internal.util.LogHelper  : HHH000204: Processing PersistenceUnitInfo [name: default]
2025-07-05T14:15:48.260+05:30  INFO 82683 --- [demo] [main] org.hibernate.Version                    : HHH000412: Hibernate ORM core version 6.6.18.Final
2025-07-05T14:15:48.347+05:30  INFO 82683 --- [demo] [main] o.h.c.internal.RegionFactoryInitiator    : HHH000026: Second-level cache disabled
2025-07-05T14:15:48.969+05:30  INFO 82683 --- [demo] [main] o.s.o.j.p.SpringPersistenceUnitInfo      : No LoadTimeWeaver setup: ignoring JPA class transformer
2025-07-05T14:15:49.030+05:30  INFO 82683 --- [demo] [main] com.zaxxer.hikari.HikariDataSource       : HikariPool-1 - Starting...
2025-07-05T14:15:49.496+05:30  INFO 82683 --- [demo] [main] com.zaxxer.hikari.pool.HikariPool        : HikariPool-1 - Added connection conn0: url=jdbc:h2:file:./data/mydb user=SA
2025-07-05T14:15:49.501+05:30  INFO 82683 --- [demo] [main] com.zaxxer.hikari.HikariDataSource       : HikariPool-1 - Start completed.
2025-07-05T14:15:49.567+05:30  WARN 82683 --- [demo] [main] org.hibernate.orm.deprecation            : HHH90000025: H2Dialect does not need to be specified explicitly using 'hibernate.dialect' (remove the property setting and it will be selected by default)
2025-07-05T14:15:49.613+05:30  INFO 82683 --- [demo] [main] org.hibernate.orm.connections.pooling    : HHH10001005: Database info:
	Database JDBC URL [Connecting through datasource 'HikariDataSource (HikariPool-1)']
	Database driver: undefined/unknown
	Database version: 2.3.232
	Autocommit mode: undefined/unknown
	Isolation level: undefined/unknown
	Minimum pool size: undefined/unknown
	Maximum pool size: undefined/unknown
2025-07-05T14:15:50.820+05:30  INFO 82683 --- [demo] [main] o.h.e.t.j.p.i.JtaPlatformInitiator       : HHH000489: No JTA platform available (set 'hibernate.transaction.jta.platform' to enable JTA platform integration)
2025-07-05T14:15:50.887+05:30  INFO 82683 --- [demo] [main] j.LocalContainerEntityManagerFactoryBean : Initialized JPA EntityManagerFactory for persistence unit 'default'
2025-07-05T14:15:51.381+05:30  WARN 82683 --- [demo] [main] JpaBaseConfiguration$JpaWebConfiguration : spring.jpa.open-in-view is enabled by default. Therefore, database queries may be performed during view rendering. Explicitly configure spring.jpa.open-in-view to disable this warning
2025-07-05T14:15:52.196+05:30  INFO 82683 --- [demo] [main] o.s.b.a.h2.H2ConsoleAutoConfiguration    : H2 console available at '/h2-console'. Database available at 'jdbc:h2:file:./data/mydb'
2025-07-05T14:15:52.239+05:30  INFO 82683 --- [demo] [main] o.s.b.a.e.web.EndpointLinksResolver      : Exposing 1 endpoint beneath base path '/actuator'
2025-07-05T14:15:52.388+05:30  INFO 82683 --- [demo] [main] o.s.b.w.embedded.tomcat.TomcatWebServer  : Tomcat started on port 8080 (http) with context path '/'
2025-07-05T14:15:52.415+05:30  INFO 82683 --- [demo] [main] com.techiesbytes.Application             : Started Application in 8.234 seconds (process running for 9.315)
2025-07-05T14:15:52.509+05:30  INFO 82683 --- [demo] [http-nio-8080-exec-1] o.a.c.c.C.[Tomcat].[localhost].[/]       : Initializing Spring DispatcherServlet 'dispatcherServlet'
2025-07-05T14:15:52.510+05:30  INFO 82683 --- [demo] [http-nio-8080-exec-1] o.s.web.servlet.DispatcherServlet        : Initializing Servlet 'dispatcherServlet'
2025-07-05T14:15:52.512+05:30  INFO 82683 --- [demo] [http-nio-8080-exec-1] o.s.web.servlet.DispatcherServlet        : Completed initialization in 2 ms
2025-07-05T14:16:14.350+05:30  INFO 82683 --- [demo] [SpringApplicationShutdownHook] o.s.b.w.e.tomcat.GracefulShutdown        : Commencing graceful shutdown. Waiting for active requests to complete
2025-07-05T14:16:14.357+05:30  INFO 82683 --- [demo] [tomcat-shutdown] o.s.b.w.e.tomcat.GracefulShutdown        : Graceful shutdown complete
2025-07-05T14:16:14.375+05:30  INFO 82683 --- [demo] [SpringApplicationShutdownHook] j.LocalContainerEntityManagerFactoryBean : Closing JPA EntityManagerFactory for persistence unit 'default'
2025-07-05T14:16:14.382+05:30  INFO 82683 --- [demo] [SpringApplicationShutdownHook] com.zaxxer.hikari.HikariDataSource       : HikariPool-1 - Shutdown initiated...
2025-07-05T14:16:14.392+05:30  INFO 82683 --- [demo] [SpringApplicationShutdownHook] com.zaxxer.hikari.HikariDataSource       : HikariPool-1 - Shutdown completed.
2025-07-05T14:16:21.098+05:30  INFO 82927 --- [demo] [main] com.techiesbytes.Application             : Starting Application using Java 21.0.7 with PID 82927 (/home/jain1shh/Documents/learn_springboot/target/classes started by jain1shh in /home/jain1shh/Documents/learn_springboot)
2025-07-05T14:16:21.101+05:30  INFO 82927 --- [demo] [main] com.techiesbytes.Application             : No active profile set, falling back to 1 default profile: "default"
2025-07-05T14:16:22.927+05:30  INFO 82927 --- [demo] [main] .s.d.r.c.RepositoryConfigurationDelegate : Bootstrapping Spring Data JPA repositories in DEFAULT mode.
2025-07-05T14:16:23.007+05:30  INFO 82927 --- [demo] [main] .s.d.r.c.RepositoryConfigurationDelegate : Finished Spring Data repository scanning in 67 ms. Found 1 JPA repository interface.
2025-07-05T14:16:23.660+05:30  INFO 82927 --- [demo] [main] o.s.b.w.embedded.tomcat.TomcatWebServer  : Tomcat initialized with port 8080 (http)
2025-07-05T14:16:23.681+05:30  INFO 82927 --- [demo] [main] o.apache.catalina.core.StandardService   : Starting service [Tomcat]
2025-07-05T14:16:23.682+05:30  INFO 82927 --- [demo] [main] o.apache.catalina.core.StandardEngine    : Starting Servlet engine: [Apache Tomcat/10.1.42]
2025-07-05T14:16:23.753+05:30  INFO 82927 --- [demo] [main] o.a.c.c.C.[Tomcat].[localhost].[/]       : Initializing Spring embedded WebApplicationContext
2025-07-05T14:16:23.754+05:30  INFO 82927 --- [demo] [main] w.s.c.ServletWebServerApplicationContext : Root WebApplicationContext: initialization completed in 2565 ms
2025-07-05T14:16:24.158+05:30  INFO 82927 --- [demo] [main] o.hibernate.jpa.internal.util.LogHelper  : HHH000204: Processing PersistenceUnitInfo [name: default]
2025-07-05T14:16:24.232+05:30  INFO 82927 --- [demo] [main] org.hibernate.Version                    : HHH000412: Hibernate ORM core version 6.6.18.Final
2025-07-05T14:16:24.283+05:30  INFO 82927 --- [demo] [main] o.h.c.internal.RegionFactoryInitiator    : HHH000026: Second-level cache disabled
2025-07-05T14:16:24.645+05:30  INFO 82927 --- [demo] [main] o.s.o.j.p.SpringPersistenceUnitInfo      : No LoadTimeWeaver setup: ignoring JPA class transformer
2025-07-05T14:16:24.685+05:30  INFO 82927 --- [demo] [main] com.zaxxer.hikari.HikariDataSource       : HikariPool-1 - Starting...
2025-07-05T14:16:24.962+05:30  INFO 82927 --- [demo] [main] com.zaxxer.hikari.pool.HikariPool        : HikariPool-1 - Added connection conn0: url=jdbc:h2:file:./data/mydb user=SA
2025-07-05T14:16:24.967+05:30  INFO 82927 --- [demo] [main] com.zaxxer.hikari.HikariDataSource       : HikariPool-1 - Start completed.
2025-07-05T14:16:24.998+05:30  WARN 82927 --- [demo] [main] org.hibernate.orm.deprecation            : HHH90000025: H2Dialect does not need to be specified explicitly using 'hibernate.dialect' (remove the property setting and it will be selected by default)
2025-07-05T14:16:25.025+05:30  INFO 82927 --- [demo] [main] org.hibernate.orm.connections.pooling    : HHH10001005: Database info:
	Database JDBC URL [Connecting through datasource 'HikariDataSource (HikariPool-1)']
	Database driver: undefined/unknown
	Database version: 2.3.232
	Autocommit mode: undefined/unknown
	Isolation level: undefined/unknown
	Minimum pool size: undefined/unknown
	Maximum pool size: undefined/unknown
2025-07-05T14:16:26.141+05:30  INFO 82927 --- [demo] [main] o.h.e.t.j.p.i.JtaPlatformInitiator       : HHH000489: No JTA platform available (set 'hibernate.transaction.jta.platform' to enable JTA platform integration)
2025-07-05T14:16:26.234+05:30  INFO 82927 --- [demo] [main] j.LocalContainerEntityManagerFactoryBean : Initialized JPA EntityManagerFactory for persistence unit 'default'
2025-07-05T14:16:26.705+05:30  WARN 82927 --- [demo] [main] JpaBaseConfiguration$JpaWebConfiguration : spring.jpa.open-in-view is enabled by default. Therefore, database queries may be performed during view rendering. Explicitly configure spring.jpa.open-in-view to disable this warning
2025-07-05T14:16:27.503+05:30  INFO 82927 --- [demo] [main] o.s.b.a.h2.H2ConsoleAutoConfiguration    : H2 console available at '/h2-console'. Database available at 'jdbc:h2:file:./data/mydb'
2025-07-05T14:16:27.557+05:30  INFO 82927 --- [demo] [main] o.s.b.a.e.web.EndpointLinksResolver      : Exposing 1 endpoint beneath base path '/actuator'
2025-07-05T14:16:27.702+05:30  INFO 82927 --- [demo] [main] o.s.b.w.embedded.tomcat.TomcatWebServer  : Tomcat started on port 8080 (http) with context path '/'
2025-07-05T14:16:27.729+05:30  INFO 82927 --- [demo] [main] com.techiesbytes.Application             : Started Application in 7.552 seconds (process running for 8.542)
2025-07-05T14:16:28.540+05:30  INFO 82927 --- [demo] [RMI TCP Connection(2)-127.0.0.1] o.a.c.c.C.[Tomcat].[localhost].[/]       : Initializing Spring DispatcherServlet 'dispatcherServlet'
2025-07-05T14:16:28.542+05:30  INFO 82927 --- [demo] [RMI TCP Connection(2)-127.0.0.1] o.s.web.servlet.DispatcherServlet        : Initializing Servlet 'dispatcherServlet'
2025-07-05T14:16:28.551+05:30  INFO 82927 --- [demo] [RMI TCP Connection(2)-127.0.0.1] o.s.web.servlet.DispatcherServlet        : Completed initialization in 9 ms
2025-07-05T14:21:26.580+05:30  INFO 82927 --- [demo] [SpringApplicationShutdownHook] o.s.b.w.e.tomcat.GracefulShutdown        : Commencing graceful shutdown. Waiting for active requests to complete
2025-07-05T14:21:26.592+05:30  INFO 82927 --- [demo] [tomcat-shutdown] o.s.b.w.e.tomcat.GracefulShutdown        : Graceful shutdown complete
2025-07-05T14:21:26.619+05:30  INFO 82927 --- [demo] [SpringApplicationShutdownHook] j.LocalContainerEntityManagerFactoryBean : Closing JPA EntityManagerFactory for persistence unit 'default'
2025-07-05T14:21:26.628+05:30  INFO 82927 --- [demo] [SpringApplicationShutdownHook] com.zaxxer.hikari.HikariDataSource       : HikariPool-1 - Shutdown initiated...
2025-07-05T14:21:26.635+05:30  INFO 82927 --- [demo] [SpringApplicationShutdownHook] com.zaxxer.hikari.HikariDataSource       : HikariPool-1 - Shutdown completed.
2025-07-05T14:21:30.594+05:30  INFO 83583 --- [demo] [main] com.techiesbytes.Application             : Starting Application using Java 21.0.7 with PID 83583 (/home/jain1shh/Documents/learn_springboot/target/classes started by jain1shh in /home/jain1shh/Documents/learn_springboot)
2025-07-05T14:21:30.598+05:30  INFO 83583 --- [demo] [main] com.techiesbytes.Application             : No active profile set, falling back to 1 default profile: "default"
2025-07-05T14:21:32.113+05:30  INFO 83583 --- [demo] [main] .s.d.r.c.RepositoryConfigurationDelegate : Bootstrapping Spring Data JPA repositories in DEFAULT mode.
2025-07-05T14:21:32.177+05:30  INFO 83583 --- [demo] [main] .s.d.r.c.RepositoryConfigurationDelegate : Finished Spring Data repository scanning in 53 ms. Found 1 JPA repository interface.
2025-07-05T14:21:32.788+05:30  INFO 83583 --- [demo] [main] o.s.b.w.embedded.tomcat.TomcatWebServer  : Tomcat initialized with port 8080 (http)
2025-07-05T14:21:32.804+05:30  INFO 83583 --- [demo] [main] o.apache.catalina.core.StandardService   : Starting service [Tomcat]
2025-07-05T14:21:32.805+05:30  INFO 83583 --- [demo] [main] o.apache.catalina.core.StandardEngine    : Starting Servlet engine: [Apache Tomcat/10.1.42]
2025-07-05T14:21:32.852+05:30  INFO 83583 --- [demo] [main] o.a.c.c.C.[Tomcat].[localhost].[/]       : Initializing Spring embedded WebApplicationContext
2025-07-05T14:21:32.853+05:30  INFO 83583 --- [demo] [main] w.s.c.ServletWebServerApplicationContext : Root WebApplicationContext: initialization completed in 2166 ms
2025-07-05T14:21:33.171+05:30  INFO 83583 --- [demo] [main] o.hibernate.jpa.internal.util.LogHelper  : HHH000204: Processing PersistenceUnitInfo [name: default]
2025-07-05T14:21:33.238+05:30  INFO 83583 --- [demo] [main] org.hibernate.Version                    : HHH000412: Hibernate ORM core version 6.6.18.Final
2025-07-05T14:21:33.275+05:30  INFO 83583 --- [demo] [main] o.h.c.internal.RegionFactoryInitiator    : HHH000026: Second-level cache disabled
2025-07-05T14:21:33.576+05:30  INFO 83583 --- [demo] [main] o.s.o.j.p.SpringPersistenceUnitInfo      : No LoadTimeWeaver setup: ignoring JPA class transformer
2025-07-05T14:21:33.608+05:30  INFO 83583 --- [demo] [main] com.zaxxer.hikari.HikariDataSource       : HikariPool-1 - Starting...
2025-07-05T14:21:33.848+05:30  INFO 83583 --- [demo] [main] com.zaxxer.hikari.pool.HikariPool        : HikariPool-1 - Added connection conn0: url=jdbc:h2:file:./data/mydb user=SA
2025-07-05T14:21:33.851+05:30  INFO 83583 --- [demo] [main] com.zaxxer.hikari.HikariDataSource       : HikariPool-1 - Start completed.
2025-07-05T14:21:33.878+05:30  WARN 83583 --- [demo] [main] org.hibernate.orm.deprecation            : HHH90000025: H2Dialect does not need to be specified explicitly using 'hibernate.dialect' (remove the property setting and it will be selected by default)
2025-07-05T14:21:33.903+05:30  INFO 83583 --- [demo] [main] org.hibernate.orm.connections.pooling    : HHH10001005: Database info:
	Database JDBC URL [Connecting through datasource 'HikariDataSource (HikariPool-1)']
	Database driver: undefined/unknown
	Database version: 2.3.232
	Autocommit mode: undefined/unknown
	Isolation level: undefined/unknown
	Minimum pool size: undefined/unknown
	Maximum pool size: undefined/unknown
2025-07-05T14:21:34.794+05:30  INFO 83583 --- [demo] [main] o.h.e.t.j.p.i.JtaPlatformInitiator       : HHH000489: No JTA platform available (set 'hibernate.transaction.jta.platform' to enable JTA platform integration)
2025-07-05T14:21:34.869+05:30  INFO 83583 --- [demo] [main] j.LocalContainerEntityManagerFactoryBean : Initialized JPA EntityManagerFactory for persistence unit 'default'
2025-07-05T14:21:35.238+05:30  WARN 83583 --- [demo] [main] JpaBaseConfiguration$JpaWebConfiguration : spring.jpa.open-in-view is enabled by default. Therefore, database queries may be performed during view rendering. Explicitly configure spring.jpa.open-in-view to disable this warning
2025-07-05T14:21:35.835+05:30  INFO 83583 --- [demo] [main] o.s.b.a.h2.H2ConsoleAutoConfiguration    : H2 console available at '/h2-console'. Database available at 'jdbc:h2:file:./data/mydb'
2025-07-05T14:21:35.862+05:30  INFO 83583 --- [demo] [main] o.s.b.a.e.web.EndpointLinksResolver      : Exposing 1 endpoint beneath base path '/actuator'
2025-07-05T14:21:35.961+05:30  INFO 83583 --- [demo] [main] o.s.b.w.embedded.tomcat.TomcatWebServer  : Tomcat started on port 8080 (http) with context path '/'
2025-07-05T14:21:35.979+05:30  INFO 83583 --- [demo] [main] com.techiesbytes.Application             : Started Application in 6.383 seconds (process running for 7.437)
2025-07-05T14:21:36.602+05:30  INFO 83583 --- [demo] [RMI TCP Connection(2)-127.0.0.1] o.a.c.c.C.[Tomcat].[localhost].[/]       : Initializing Spring DispatcherServlet 'dispatcherServlet'
2025-07-05T14:21:36.602+05:30  INFO 83583 --- [demo] [RMI TCP Connection(2)-127.0.0.1] o.s.web.servlet.DispatcherServlet        : Initializing Servlet 'dispatcherServlet'
2025-07-05T14:21:36.606+05:30  INFO 83583 --- [demo] [RMI TCP Connection(2)-127.0.0.1] o.s.web.servlet.DispatcherServlet        : Completed initialization in 2 ms
2025-07-05T14:29:56.721+05:30  INFO 83583 --- [demo] [SpringApplicationShutdownHook] o.s.b.w.e.tomcat.GracefulShutdown        : Commencing graceful shutdown. Waiting for active requests to complete
2025-07-05T14:29:56.729+05:30  INFO 83583 --- [demo] [tomcat-shutdown] o.s.b.w.e.tomcat.GracefulShutdown        : Graceful shutdown complete
2025-07-05T14:29:56.750+05:30  INFO 83583 --- [demo] [SpringApplicationShutdownHook] j.LocalContainerEntityManagerFactoryBean : Closing JPA EntityManagerFactory for persistence unit 'default'
2025-07-05T14:29:56.757+05:30  INFO 83583 --- [demo] [SpringApplicationShutdownHook] com.zaxxer.hikari.HikariDataSource       : HikariPool-1 - Shutdown initiated...
2025-07-05T14:29:56.763+05:30  INFO 83583 --- [demo] [SpringApplicationShutdownHook] com.zaxxer.hikari.HikariDataSource       : HikariPool-1 - Shutdown completed.
2025-07-05T14:32:57.799+05:30  INFO 84860 --- [demo] [main] com.techiesbytes.Application             : Starting Application using Java 21.0.7 with PID 84860 (/home/jain1shh/Documents/learn_springboot/target/classes started by jain1shh in /home/jain1shh/Documents/learn_springboot)
2025-07-05T14:32:57.804+05:30  INFO 84860 --- [demo] [main] com.techiesbytes.Application             : The following 1 profile is active: "dev"
2025-07-05T14:32:58.976+05:30  INFO 84860 --- [demo] [main] .s.d.r.c.RepositoryConfigurationDelegate : Bootstrapping Spring Data JPA repositories in DEFAULT mode.
2025-07-05T14:32:59.052+05:30  INFO 84860 --- [demo] [main] .s.d.r.c.RepositoryConfigurationDelegate : Finished Spring Data repository scanning in 51 ms. Found 1 JPA repository interface.
2025-07-05T14:32:59.541+05:30  INFO 84860 --- [demo] [main] o.s.b.w.embedded.tomcat.TomcatWebServer  : Tomcat initialized with port 8080 (http)
2025-07-05T14:32:59.557+05:30  INFO 84860 --- [demo] [main] o.apache.catalina.core.StandardService   : Starting service [Tomcat]
2025-07-05T14:32:59.558+05:30  INFO 84860 --- [demo] [main] o.apache.catalina.core.StandardEngine    : Starting Servlet engine: [Apache Tomcat/10.1.42]
2025-07-05T14:32:59.608+05:30  INFO 84860 --- [demo] [main] o.a.c.c.C.[Tomcat].[localhost].[/]       : Initializing Spring embedded WebApplicationContext
2025-07-05T14:32:59.609+05:30  INFO 84860 --- [demo] [main] w.s.c.ServletWebServerApplicationContext : Root WebApplicationContext: initialization completed in 1742 ms
2025-07-05T14:33:00.026+05:30  INFO 84860 --- [demo] [main] o.hibernate.jpa.internal.util.LogHelper  : HHH000204: Processing PersistenceUnitInfo [name: default]
2025-07-05T14:33:00.104+05:30  INFO 84860 --- [demo] [main] org.hibernate.Version                    : HHH000412: Hibernate ORM core version 6.6.18.Final
2025-07-05T14:33:00.146+05:30  INFO 84860 --- [demo] [main] o.h.c.internal.RegionFactoryInitiator    : HHH000026: Second-level cache disabled
2025-07-05T14:33:00.522+05:30  INFO 84860 --- [demo] [main] o.s.o.j.p.SpringPersistenceUnitInfo      : No LoadTimeWeaver setup: ignoring JPA class transformer
2025-07-05T14:33:00.556+05:30  INFO 84860 --- [demo] [main] com.zaxxer.hikari.HikariDataSource       : HikariPool-1 - Starting...
2025-07-05T14:33:00.886+05:30  INFO 84860 --- [demo] [main] com.zaxxer.hikari.pool.HikariPool        : HikariPool-1 - Added connection conn0: url=jdbc:h2:file:./data/mydb-dev user=SA
2025-07-05T14:33:00.889+05:30  INFO 84860 --- [demo] [main] com.zaxxer.hikari.HikariDataSource       : HikariPool-1 - Start completed.
2025-07-05T14:33:00.932+05:30  WARN 84860 --- [demo] [main] org.hibernate.orm.deprecation            : HHH90000025: H2Dialect does not need to be specified explicitly using 'hibernate.dialect' (remove the property setting and it will be selected by default)
2025-07-05T14:33:00.970+05:30  INFO 84860 --- [demo] [main] org.hibernate.orm.connections.pooling    : HHH10001005: Database info:
	Database JDBC URL [Connecting through datasource 'HikariDataSource (HikariPool-1)']
	Database driver: undefined/unknown
	Database version: 2.3.232
	Autocommit mode: undefined/unknown
	Isolation level: undefined/unknown
	Minimum pool size: undefined/unknown
	Maximum pool size: undefined/unknown
2025-07-05T14:33:01.933+05:30  INFO 84860 --- [demo] [main] o.h.e.t.j.p.i.JtaPlatformInitiator       : HHH000489: No JTA platform available (set 'hibernate.transaction.jta.platform' to enable JTA platform integration)
2025-07-05T14:33:02.022+05:30  INFO 84860 --- [demo] [main] j.LocalContainerEntityManagerFactoryBean : Initialized JPA EntityManagerFactory for persistence unit 'default'
2025-07-05T14:33:02.421+05:30  WARN 84860 --- [demo] [main] JpaBaseConfiguration$JpaWebConfiguration : spring.jpa.open-in-view is enabled by default. Therefore, database queries may be performed during view rendering. Explicitly configure spring.jpa.open-in-view to disable this warning
2025-07-05T14:33:03.058+05:30  INFO 84860 --- [demo] [main] o.s.b.a.h2.H2ConsoleAutoConfiguration    : H2 console available at '/h2-console'. Database available at 'jdbc:h2:file:./data/mydb-dev'
2025-07-05T14:33:03.093+05:30  INFO 84860 --- [demo] [main] o.s.b.a.e.web.EndpointLinksResolver      : Exposing 1 endpoint beneath base path '/actuator'
2025-07-05T14:33:03.222+05:30  INFO 84860 --- [demo] [main] o.s.b.w.embedded.tomcat.TomcatWebServer  : Tomcat started on port 8080 (http) with context path '/'
2025-07-05T14:33:03.246+05:30  INFO 84860 --- [demo] [main] com.techiesbytes.Application             : Started Application in 6.163 seconds (process running for 7.141)
2025-07-05T14:33:03.703+05:30  INFO 84860 --- [demo] [RMI TCP Connection(2)-127.0.0.1] o.a.c.c.C.[Tomcat].[localhost].[/]       : Initializing Spring DispatcherServlet 'dispatcherServlet'
2025-07-05T14:33:03.704+05:30  INFO 84860 --- [demo] [RMI TCP Connection(2)-127.0.0.1] o.s.web.servlet.DispatcherServlet        : Initializing Servlet 'dispatcherServlet'
2025-07-05T14:33:03.707+05:30  INFO 84860 --- [demo] [RMI TCP Connection(2)-127.0.0.1] o.s.web.servlet.DispatcherServlet        : Completed initialization in 2 ms
2025-07-05T14:33:54.257+05:30  INFO 84860 --- [demo] [SpringApplicationShutdownHook] o.s.b.w.e.tomcat.GracefulShutdown        : Commencing graceful shutdown. Waiting for active requests to complete
2025-07-05T14:33:54.264+05:30  INFO 84860 --- [demo] [tomcat-shutdown] o.s.b.w.e.tomcat.GracefulShutdown        : Graceful shutdown complete
2025-07-05T14:33:54.282+05:30  INFO 84860 --- [demo] [SpringApplicationShutdownHook] j.LocalContainerEntityManagerFactoryBean : Closing JPA EntityManagerFactory for persistence unit 'default'
2025-07-05T14:33:54.288+05:30  INFO 84860 --- [demo] [SpringApplicationShutdownHook] com.zaxxer.hikari.HikariDataSource       : HikariPool-1 - Shutdown initiated...
2025-07-05T14:33:54.294+05:30  INFO 84860 --- [demo] [SpringApplicationShutdownHook] com.zaxxer.hikari.HikariDataSource       : HikariPool-1 - Shutdown completed.
2025-07-05T14:33:58.051+05:30  INFO 85242 --- [demo] [main] com.techiesbytes.Application             : Starting Application using Java 21.0.7 with PID 85242 (/home/jain1shh/Documents/learn_springboot/target/classes started by jain1shh in /home/jain1shh/Documents/learn_springboot)
2025-07-05T14:33:58.053+05:30  INFO 85242 --- [demo] [main] com.techiesbytes.Application             : The following 1 profile is active: "prod"
2025-07-05T14:33:59.122+05:30  INFO 85242 --- [demo] [main] .s.d.r.c.RepositoryConfigurationDelegate : Bootstrapping Spring Data JPA repositories in DEFAULT mode.
2025-07-05T14:33:59.188+05:30  INFO 85242 --- [demo] [main] .s.d.r.c.RepositoryConfigurationDelegate : Finished Spring Data repository scanning in 54 ms. Found 1 JPA repository interface.
2025-07-05T14:33:59.711+05:30  INFO 85242 --- [demo] [main] o.s.b.w.embedded.tomcat.TomcatWebServer  : Tomcat initialized with port 8080 (http)
2025-07-05T14:33:59.732+05:30  INFO 85242 --- [demo] [main] o.apache.catalina.core.StandardService   : Starting service [Tomcat]
2025-07-05T14:33:59.733+05:30  INFO 85242 --- [demo] [main] o.apache.catalina.core.StandardEngine    : Starting Servlet engine: [Apache Tomcat/10.1.42]
2025-07-05T14:33:59.788+05:30  INFO 85242 --- [demo] [main] o.a.c.c.C.[Tomcat].[localhost].[/]       : Initializing Spring embedded WebApplicationContext
2025-07-05T14:33:59.789+05:30  INFO 85242 --- [demo] [main] w.s.c.ServletWebServerApplicationContext : Root WebApplicationContext: initialization completed in 1677 ms
2025-07-05T14:34:00.132+05:30  INFO 85242 --- [demo] [main] o.hibernate.jpa.internal.util.LogHelper  : HHH000204: Processing PersistenceUnitInfo [name: default]
2025-07-05T14:34:00.247+05:30  INFO 85242 --- [demo] [main] org.hibernate.Version                    : HHH000412: Hibernate ORM core version 6.6.18.Final
2025-07-05T14:34:00.301+05:30  INFO 85242 --- [demo] [main] o.h.c.internal.RegionFactoryInitiator    : HHH000026: Second-level cache disabled
2025-07-05T14:34:00.690+05:30  INFO 85242 --- [demo] [main] o.s.o.j.p.SpringPersistenceUnitInfo      : No LoadTimeWeaver setup: ignoring JPA class transformer
2025-07-05T14:34:00.743+05:30  INFO 85242 --- [demo] [main] com.zaxxer.hikari.HikariDataSource       : HikariPool-1 - Starting...
2025-07-05T14:34:01.017+05:30  INFO 85242 --- [demo] [main] com.zaxxer.hikari.pool.HikariPool        : HikariPool-1 - Added connection conn0: url=jdbc:h2:file:./data/mydb-prod user=SA
2025-07-05T14:34:01.020+05:30  INFO 85242 --- [demo] [main] com.zaxxer.hikari.HikariDataSource       : HikariPool-1 - Start completed.
2025-07-05T14:34:01.116+05:30  WARN 85242 --- [demo] [main] org.hibernate.orm.deprecation            : HHH90000025: H2Dialect does not need to be specified explicitly using 'hibernate.dialect' (remove the property setting and it will be selected by default)
2025-07-05T14:34:01.145+05:30  INFO 85242 --- [demo] [main] org.hibernate.orm.connections.pooling    : HHH10001005: Database info:
	Database JDBC URL [Connecting through datasource 'HikariDataSource (HikariPool-1)']
	Database driver: undefined/unknown
	Database version: 2.3.232
	Autocommit mode: undefined/unknown
	Isolation level: undefined/unknown
	Minimum pool size: undefined/unknown
	Maximum pool size: undefined/unknown
2025-07-05T14:34:02.208+05:30  INFO 85242 --- [demo] [main] o.h.e.t.j.p.i.JtaPlatformInitiator       : HHH000489: No JTA platform available (set 'hibernate.transaction.jta.platform' to enable JTA platform integration)
2025-07-05T14:34:02.305+05:30  INFO 85242 --- [demo] [main] j.LocalContainerEntityManagerFactoryBean : Initialized JPA EntityManagerFactory for persistence unit 'default'
2025-07-05T14:34:02.686+05:30  WARN 85242 --- [demo] [main] JpaBaseConfiguration$JpaWebConfiguration : spring.jpa.open-in-view is enabled by default. Therefore, database queries may be performed during view rendering. Explicitly configure spring.jpa.open-in-view to disable this warning
2025-07-05T14:34:03.277+05:30  INFO 85242 --- [demo] [main] o.s.b.a.h2.H2ConsoleAutoConfiguration    : H2 console available at '/h2-console'. Database available at 'jdbc:h2:file:./data/mydb-prod'
2025-07-05T14:34:03.304+05:30  INFO 85242 --- [demo] [main] o.s.b.a.e.web.EndpointLinksResolver      : Exposing 1 endpoint beneath base path '/actuator'
2025-07-05T14:34:03.392+05:30  INFO 85242 --- [demo] [main] o.s.b.w.embedded.tomcat.TomcatWebServer  : Tomcat started on port 8080 (http) with context path '/'
2025-07-05T14:34:03.409+05:30  INFO 85242 --- [demo] [main] com.techiesbytes.Application             : Started Application in 6.186 seconds (process running for 7.441)
2025-07-05T14:34:04.097+05:30  INFO 85242 --- [demo] [RMI TCP Connection(2)-127.0.0.1] o.a.c.c.C.[Tomcat].[localhost].[/]       : Initializing Spring DispatcherServlet 'dispatcherServlet'
2025-07-05T14:34:04.098+05:30  INFO 85242 --- [demo] [RMI TCP Connection(2)-127.0.0.1] o.s.web.servlet.DispatcherServlet        : Initializing Servlet 'dispatcherServlet'
2025-07-05T14:34:04.102+05:30  INFO 85242 --- [demo] [RMI TCP Connection(2)-127.0.0.1] o.s.web.servlet.DispatcherServlet        : Completed initialization in 3 ms
2025-07-05T14:34:14.766+05:30  INFO 85242 --- [demo] [SpringApplicationShutdownHook] o.s.b.w.e.tomcat.GracefulShutdown        : Commencing graceful shutdown. Waiting for active requests to complete
2025-07-05T14:34:14.774+05:30  INFO 85242 --- [demo] [tomcat-shutdown] o.s.b.w.e.tomcat.GracefulShutdown        : Graceful shutdown complete
2025-07-05T14:34:14.790+05:30  INFO 85242 --- [demo] [SpringApplicationShutdownHook] j.LocalContainerEntityManagerFactoryBean : Closing JPA EntityManagerFactory for persistence unit 'default'
2025-07-05T14:34:14.796+05:30  INFO 85242 --- [demo] [SpringApplicationShutdownHook] com.zaxxer.hikari.HikariDataSource       : HikariPool-1 - Shutdown initiated...
2025-07-05T14:34:14.802+05:30  INFO 85242 --- [demo] [SpringApplicationShutdownHook] com.zaxxer.hikari.HikariDataSource       : HikariPool-1 - Shutdown completed.
2025-07-05T14:34:18.315+05:30  INFO 85444 --- [demo] [main] com.techiesbytes.Application             : Starting Application using Java 21.0.7 with PID 85444 (/home/jain1shh/Documents/learn_springboot/target/classes started by jain1shh in /home/jain1shh/Documents/learn_springboot)
2025-07-05T14:34:18.317+05:30  INFO 85444 --- [demo] [main] com.techiesbytes.Application             : The following 1 profile is active: "dev"
2025-07-05T14:34:19.408+05:30  INFO 85444 --- [demo] [main] .s.d.r.c.RepositoryConfigurationDelegate : Bootstrapping Spring Data JPA repositories in DEFAULT mode.
2025-07-05T14:34:19.469+05:30  INFO 85444 --- [demo] [main] .s.d.r.c.RepositoryConfigurationDelegate : Finished Spring Data repository scanning in 50 ms. Found 1 JPA repository interface.
2025-07-05T14:34:19.961+05:30  INFO 85444 --- [demo] [main] o.s.b.w.embedded.tomcat.TomcatWebServer  : Tomcat initialized with port 8080 (http)
2025-07-05T14:34:19.979+05:30  INFO 85444 --- [demo] [main] o.apache.catalina.core.StandardService   : Starting service [Tomcat]
2025-07-05T14:34:19.979+05:30  INFO 85444 --- [demo] [main] o.apache.catalina.core.StandardEngine    : Starting Servlet engine: [Apache Tomcat/10.1.42]
2025-07-05T14:34:20.026+05:30  INFO 85444 --- [demo] [main] o.a.c.c.C.[Tomcat].[localhost].[/]       : Initializing Spring embedded WebApplicationContext
2025-07-05T14:34:20.026+05:30  INFO 85444 --- [demo] [main] w.s.c.ServletWebServerApplicationContext : Root WebApplicationContext: initialization completed in 1658 ms
2025-07-05T14:34:20.314+05:30  INFO 85444 --- [demo] [main] o.hibernate.jpa.internal.util.LogHelper  : HHH000204: Processing PersistenceUnitInfo [name: default]
2025-07-05T14:34:20.373+05:30  INFO 85444 --- [demo] [main] org.hibernate.Version                    : HHH000412: Hibernate ORM core version 6.6.18.Final
2025-07-05T14:34:20.408+05:30  INFO 85444 --- [demo] [main] o.h.c.internal.RegionFactoryInitiator    : HHH000026: Second-level cache disabled
2025-07-05T14:34:20.692+05:30  INFO 85444 --- [demo] [main] o.s.o.j.p.SpringPersistenceUnitInfo      : No LoadTimeWeaver setup: ignoring JPA class transformer
2025-07-05T14:34:20.722+05:30  INFO 85444 --- [demo] [main] com.zaxxer.hikari.HikariDataSource       : HikariPool-1 - Starting...
2025-07-05T14:34:21.003+05:30  INFO 85444 --- [demo] [main] com.zaxxer.hikari.pool.HikariPool        : HikariPool-1 - Added connection conn0: url=jdbc:h2:file:./data/mydb-dev user=SA
2025-07-05T14:34:21.009+05:30  INFO 85444 --- [demo] [main] com.zaxxer.hikari.HikariDataSource       : HikariPool-1 - Start completed.
2025-07-05T14:34:21.071+05:30  WARN 85444 --- [demo] [main] org.hibernate.orm.deprecation            : HHH90000025: H2Dialect does not need to be specified explicitly using 'hibernate.dialect' (remove the property setting and it will be selected by default)
2025-07-05T14:34:21.124+05:30  INFO 85444 --- [demo] [main] org.hibernate.orm.connections.pooling    : HHH10001005: Database info:
	Database JDBC URL [Connecting through datasource 'HikariDataSource (HikariPool-1)']
	Database driver: undefined/unknown
	Database version: 2.3.232
	Autocommit mode: undefined/unknown
	Isolation level: undefined/unknown
	Minimum pool size: undefined/unknown
	Maximum pool size: undefined/unknown
2025-07-05T14:34:22.142+05:30  INFO 85444 --- [demo] [main] o.h.e.t.j.p.i.JtaPlatformInitiator       : HHH000489: No JTA platform available (set 'hibernate.transaction.jta.platform' to enable JTA platform integration)
2025-07-05T14:34:22.210+05:30  INFO 85444 --- [demo] [main] j.LocalContainerEntityManagerFactoryBean : Initialized JPA EntityManagerFactory for persistence unit 'default'
2025-07-05T14:34:22.576+05:30  WARN 85444 --- [demo] [main] JpaBaseConfiguration$JpaWebConfiguration : spring.jpa.open-in-view is enabled by default. Therefore, database queries may be performed during view rendering. Explicitly configure spring.jpa.open-in-view to disable this warning
2025-07-05T14:34:23.177+05:30  INFO 85444 --- [demo] [main] o.s.b.a.h2.H2ConsoleAutoConfiguration    : H2 console available at '/h2-console'. Database available at 'jdbc:h2:file:./data/mydb-dev'
2025-07-05T14:34:23.210+05:30  INFO 85444 --- [demo] [main] o.s.b.a.e.web.EndpointLinksResolver      : Exposing 1 endpoint beneath base path '/actuator'
2025-07-05T14:34:23.303+05:30  INFO 85444 --- [demo] [main] o.s.b.w.embedded.tomcat.TomcatWebServer  : Tomcat started on port 8080 (http) with context path '/'
2025-07-05T14:34:23.320+05:30  INFO 85444 --- [demo] [main] com.techiesbytes.Application             : Started Application in 5.738 seconds (process running for 6.586)
2025-07-05T14:34:23.644+05:30  INFO 85444 --- [demo] [RMI TCP Connection(4)-127.0.0.1] o.a.c.c.C.[Tomcat].[localhost].[/]       : Initializing Spring DispatcherServlet 'dispatcherServlet'
2025-07-05T14:34:23.644+05:30  INFO 85444 --- [demo] [RMI TCP Connection(4)-127.0.0.1] o.s.web.servlet.DispatcherServlet        : Initializing Servlet 'dispatcherServlet'
2025-07-05T14:34:23.647+05:30  INFO 85444 --- [demo] [RMI TCP Connection(4)-127.0.0.1] o.s.web.servlet.DispatcherServlet        : Completed initialization in 2 ms
